<?xml version="1.0" encoding="UTF-8"?>
<!-- Generated by org.testng.reporters.JUnitXMLReporter -->
<testsuite ignored="2" hostname="LAPTOP-VRF7QEJL" failures="0" tests="2" name="Test1" time="87.569" errors="0" timestamp="2026-02-25T11:18:40 IST">
  <testcase classname="testCaseRepo.TC_003" name="LE_003" time="29.773"/>
  <testcase classname="testCaseRepo.TC_002" name="LE_002" time="33.391"/>
  <testcase classname="genericUtility.BaseClass" name="@BeforeSuite bsConfig" time="0.0">
    <ignored/>
  </testcase> <!-- @BeforeSuite bsConfig -->
  <testcase classname="genericUtility.BaseClass" name="@AfterSuite asConfig" time="0.0">
    <ignored/>
  </testcase> <!-- @AfterSuite asConfig -->
</testsuite> <!-- Test1 -->
