<?xml version="1.0" encoding="UTF-8"?>
<!-- Generated by org.testng.reporters.JUnitXMLReporter -->
<testsuite ignored="2" hostname="LAPTOP-VRF7QEJL" failures="0" tests="3" name="Test1" time="106.236" errors="0" timestamp="2026-03-09T11:26:08 IST">
  <testcase classname="testCaseRepo.TC_003" name="LE_003" time="45.788"/>
  <testcase classname="testCaseRepo.TC_002" name="LE_002" time="14.29"/>
  <testcase classname="testCaseRepo.TC_002" name="m1" time="0.001"/>
  <testcase classname="genericUtility.BaseClass" name="@AfterSuite asConfig" time="0.0">
    <ignored/>
  </testcase> <!-- @AfterSuite asConfig -->
  <testcase classname="genericUtility.BaseClass" name="@BeforeSuite bsConfig" time="0.0">
    <ignored/>
  </testcase> <!-- @BeforeSuite bsConfig -->
</testsuite> <!-- Test1 -->
