<?xml version="1.0" encoding="UTF-8"?>
<testng-results ignored="0" total="1" passed="1" failed="0" skipped="0">
  <reporter-output>
  </reporter-output>
  <suite started-at="2026-03-09T12:16:04 IST" name="Surefire suite" finished-at="2026-03-09T12:16:27 IST" duration-ms="22307">
    <groups>
      <group name="Regression">
        <method signature="TC_004Test.CON_001()[pri:0, instance:testCaseRepo.TC_004Test@5be6e01c]" name="CON_001" class="testCaseRepo.TC_004Test"/>
      </group> <!-- Regression -->
    </groups>
    <test started-at="2026-03-09T12:16:04 IST" name="Surefire test" finished-at="2026-03-09T12:16:27 IST" duration-ms="22307">
      <class name="testCaseRepo.TC_004Test">
        <test-method is-config="true" signature="bsConfig()[pri:0, instance:testCaseRepo.TC_004Test@5be6e01c]" started-at="2026-03-09T12:16:04 IST" name="bsConfig" finished-at="2026-03-09T12:16:04 IST" duration-ms="0" status="PASS">
          <reporter-output>
          </reporter-output>
        </test-method> <!-- bsConfig -->
        <test-method is-config="true" signature="bcConfig()[pri:0, instance:testCaseRepo.TC_004Test@5be6e01c]" started-at="2026-03-09T12:16:04 IST" name="bcConfig" finished-at="2026-03-09T12:16:07 IST" duration-ms="3093" status="PASS">
          <reporter-output>
          </reporter-output>
        </test-method> <!-- bcConfig -->
        <test-method is-config="true" signature="bmConfig()[pri:0, instance:testCaseRepo.TC_004Test@5be6e01c]" started-at="2026-03-09T12:16:07 IST" name="bmConfig" finished-at="2026-03-09T12:16:11 IST" duration-ms="3572" status="PASS">
          <reporter-output>
          </reporter-output>
        </test-method> <!-- bmConfig -->
        <test-method signature="CON_001()[pri:0, instance:testCaseRepo.TC_004Test@5be6e01c]" started-at="2026-03-09T12:16:11 IST" name="CON_001" finished-at="2026-03-09T12:16:25 IST" duration-ms="13494" status="PASS">
          <reporter-output>
          </reporter-output>
        </test-method> <!-- CON_001 -->
        <test-method is-config="true" signature="amConfig()[pri:0, instance:testCaseRepo.TC_004Test@5be6e01c]" started-at="2026-03-09T12:16:25 IST" name="amConfig" finished-at="2026-03-09T12:16:26 IST" duration-ms="1845" status="PASS">
          <reporter-output>
          </reporter-output>
        </test-method> <!-- amConfig -->
        <test-method is-config="true" signature="acConfig()[pri:0, instance:testCaseRepo.TC_004Test@5be6e01c]" started-at="2026-03-09T12:16:26 IST" name="acConfig" finished-at="2026-03-09T12:16:27 IST" duration-ms="253" status="PASS">
          <reporter-output>
          </reporter-output>
        </test-method> <!-- acConfig -->
        <test-method is-config="true" signature="asConfig()[pri:0, instance:testCaseRepo.TC_004Test@5be6e01c]" started-at="2026-03-09T12:16:27 IST" name="asConfig" finished-at="2026-03-09T12:16:27 IST" duration-ms="0" status="PASS">
          <reporter-output>
          </reporter-output>
        </test-method> <!-- asConfig -->
      </class> <!-- testCaseRepo.TC_004Test -->
    </test> <!-- Surefire test -->
  </suite> <!-- Surefire suite -->
</testng-results>
