<?xml version="1.0" encoding="UTF-8"?>
<!-- Generated by org.testng.reporters.JUnitReportReporter -->
<testsuite hostname="LAPTOP-VRF7QEJL" failures="0" tests="4" name="testCaseRepo.TC_001" time="120.567" errors="0" timestamp="2026-03-02T13:02:11 IST" skipped="3">
  <testcase classname="testCaseRepo.TC_001" name="LE_001" time="22.964">
    <skipped/>
  </testcase> <!-- LE_001 -->
  <testcase classname="testCaseRepo.TC_001" name="LE_001" time="17.823">
    <skipped/>
  </testcase> <!-- LE_001 -->
  <testcase classname="testCaseRepo.TC_001" name="LE_001" time="52.452"/>
  <testcase classname="testCaseRepo.TC_001" name="LE_001" time="27.328">
    <skipped/>
  </testcase> <!-- LE_001 -->
</testsuite> <!-- testCaseRepo.TC_001 -->
