<?xml version="1.0" encoding="UTF-8"?>
<!-- Generated by org.testng.reporters.JUnitReportReporter -->
<testsuite hostname="LAPTOP-VRF7QEJL" failures="0" tests="4" name="testCaseRepo.TC_001" time="93.897" errors="0" timestamp="2026-03-07T12:49:52 IST" skipped="3">
  <testcase classname="testCaseRepo.TC_001" name="LE_001" time="22.301">
    <skipped/>
  </testcase> <!-- LE_001 -->
  <testcase classname="testCaseRepo.TC_001" name="LE_001" time="27.669"/>
  <testcase classname="testCaseRepo.TC_001" name="LE_001" time="21.325">
    <skipped/>
  </testcase> <!-- LE_001 -->
  <testcase classname="testCaseRepo.TC_001" name="LE_001" time="22.602">
    <skipped/>
  </testcase> <!-- LE_001 -->
</testsuite> <!-- testCaseRepo.TC_001 -->
