<?xml version="1.0" encoding="UTF-8"?>
<!-- Generated by org.testng.reporters.JUnitReportReporter -->
<testsuite hostname="LAPTOP-VRF7QEJL" failures="0" tests="3" name="practice.TestNGPractice" time="0.018" errors="0" timestamp="2026-03-07T11:19:27 IST" skipped="0">
  <testcase classname="practice.TestNGPractice" name="createUser" time="0.017"/>
  <testcase classname="practice.TestNGPractice" name="modifyUser" time="0.001"/>
  <testcase classname="practice.TestNGPractice" name="deleteUser" time="0.000"/>
</testsuite> <!-- practice.TestNGPractice -->
