<?xml version="1.0" encoding="UTF-8"?>
<!-- Generated by org.testng.reporters.JUnitReportReporter -->
<testsuite hostname="LAPTOP-VRF7QEJL" failures="0" tests="4" name="testCaseRepo.TC_002" time="56.669" errors="0" timestamp="2026-03-09T11:26:08 IST" skipped="0">
  <testcase classname="testCaseRepo.TC_002" name="LE_002" time="23.498"/>
  <testcase classname="testCaseRepo.TC_002" name="LE_002" time="19.202"/>
  <testcase classname="testCaseRepo.TC_002" name="m1" time="9.144"/>
  <testcase classname="testCaseRepo.TC_002" name="m1" time="4.825"/>
</testsuite> <!-- testCaseRepo.TC_002 -->
